<?xml version="1.0" encoding="UTF-8"?>
<testng-results ignored="0" total="1" passed="1" failed="0" skipped="0">
  <reporter-output>
  </reporter-output>
  <suite started-at="2023-03-16T01:54:21 IST" name="Default suite" finished-at="2023-03-16T01:54:21 IST" duration-ms="62">
    <groups>
    </groups>
    <test started-at="2023-03-16T01:54:21 IST" name="Default test" finished-at="2023-03-16T01:54:21 IST" duration-ms="62">
      <class name="Pack1.test">
        <test-method is-config="true" signature="beforeClass()[pri:0, instance:Pack1.test@fba92d3]" started-at="2023-03-16T01:54:21 IST" name="beforeClass" finished-at="2023-03-16T01:54:21 IST" duration-ms="6" status="PASS">
          <reporter-output>
          </reporter-output>
        </test-method> <!-- beforeClass -->
        <test-method is-config="true" signature="beforeMethod()[pri:0, instance:Pack1.test@fba92d3]" started-at="2023-03-16T01:54:21 IST" name="beforeMethod" finished-at="2023-03-16T01:54:21 IST" duration-ms="0" status="PASS">
          <reporter-output>
          </reporter-output>
        </test-method> <!-- beforeMethod -->
        <test-method signature="test123()[pri:0, instance:Pack1.test@fba92d3]" started-at="2023-03-16T01:54:21 IST" name="test123" finished-at="2023-03-16T01:54:21 IST" duration-ms="8" status="PASS">
          <reporter-output>
          </reporter-output>
        </test-method> <!-- test123 -->
      </class> <!-- Pack1.test -->
    </test> <!-- Default test -->
  </suite> <!-- Default suite -->
</testng-results>
